<?xml version='1.0'?>
<ns2:test-suite xmlns:ns2='urn:model.allure.qatools.yandex.ru' start='1634118080249' stop='1634118113370'>
    <name>angularjs homepage</name>
    <title>angularjs homepage</title>
    <test-cases>
        <test-case start='1634118080249' status='undefined'>
            <name>Addition of two numbers1</name>
            <title>Addition of two numbers1</title>
            <labels/>
            <parameters/>
            <steps/>
            <attachments/>
        </test-case>
        <test-case start='1634118080250' status='failed' stop='1634118108007'>
            <name>Addition of two numbers1</name>
            <title>Addition of two numbers1</title>
            <labels/>
            <parameters/>
            <steps/>
            <attachments>
                <attachment title='Screenshot' source='a2faf794-3417-4ad7-8889-d2da628cf643-attachment.png' type='image/png' size='14635'/>
            </attachments>
            <failure>
                <message>Expected '20' to equal '60'.</message>
                <stack-trace>Error: Failed expectation
                    at operation (D:\synechron_11_10_Protractor\Training\protractor\development.js:11:53)
                    at UserContext.&lt;anonymous> (D:\synechron_11_10_Protractor\Training\protractor\development.js:17:5)
                    at C:\Users\Aravind\AppData\Roaming\npm\node_modules\protractor\node_modules\jasminewd2\index.js:112:25
                    at new ManagedPromise (C:\Users\Aravind\AppData\Roaming\npm\node_modules\protractor\node_modules\selenium-webdriver\lib\promise.js:1077:7)
                    at ControlFlow.promise (C:\Users\Aravind\AppData\Roaming\npm\node_modules\protractor\node_modules\selenium-webdriver\lib\promise.js:2505:12)
                    at schedulerExecute (C:\Users\Aravind\AppData\Roaming\npm\node_modules\protractor\node_modules\jasminewd2\index.js:95:18)
                    at TaskQueue.execute_ (C:\Users\Aravind\AppData\Roaming\npm\node_modules\protractor\node_modules\selenium-webdriver\lib\promise.js:3084:14)
                    at TaskQueue.executeNext_ (C:\Users\Aravind\AppData\Roaming\npm\node_modules\protractor\node_modules\selenium-webdriver\lib\promise.js:3067:27)
                    at C:\Users\Aravind\AppData\Roaming\npm\node_modules\protractor\node_modules\selenium-webdriver\lib\promise.js:2974:25</stack-trace>
            </failure>
        </test-case>
        <test-case start='1634118108007' status='undefined'>
            <name>Addition of two numbers2</name>
            <title>Addition of two numbers2</title>
            <labels/>
            <parameters/>
            <steps/>
            <attachments/>
        </test-case>
        <test-case start='1634118108007' status='passed' stop='1634118110702'>
            <name>Addition of two numbers2</name>
            <title>Addition of two numbers2</title>
            <labels/>
            <parameters/>
            <steps/>
            <attachments>
                <attachment title='Screenshot' source='8e89395d-9dd8-49e2-9a89-6d00a7543e1d-attachment.png' type='image/png' size='14813'/>
            </attachments>
        </test-case>
        <test-case start='1634118110702' status='undefined'>
            <name>Addition of two numbers3</name>
            <title>Addition of two numbers3</title>
            <labels/>
            <parameters/>
            <steps/>
            <attachments/>
        </test-case>
        <test-case start='1634118110702' status='failed' stop='1634118113369'>
            <name>Addition of two numbers3</name>
            <title>Addition of two numbers3</title>
            <labels/>
            <parameters/>
            <steps/>
            <attachments>
                <attachment title='Screenshot' source='2a893a84-5cd1-4d02-b1a6-3b4d57bdd859-attachment.png' type='image/png' size='15307'/>
            </attachments>
            <failure>
                <message>Expected '800' to equal '60'.</message>
                <stack-trace>Error: Failed expectation
                    at operation (D:\synechron_11_10_Protractor\Training\protractor\development.js:11:53)
                    at UserContext.&lt;anonymous> (D:\synechron_11_10_Protractor\Training\protractor\development.js:46:5)
                    at C:\Users\Aravind\AppData\Roaming\npm\node_modules\protractor\node_modules\jasminewd2\index.js:112:25
                    at new ManagedPromise (C:\Users\Aravind\AppData\Roaming\npm\node_modules\protractor\node_modules\selenium-webdriver\lib\promise.js:1077:7)
                    at ControlFlow.promise (C:\Users\Aravind\AppData\Roaming\npm\node_modules\protractor\node_modules\selenium-webdriver\lib\promise.js:2505:12)
                    at schedulerExecute (C:\Users\Aravind\AppData\Roaming\npm\node_modules\protractor\node_modules\jasminewd2\index.js:95:18)
                    at TaskQueue.execute_ (C:\Users\Aravind\AppData\Roaming\npm\node_modules\protractor\node_modules\selenium-webdriver\lib\promise.js:3084:14)
                    at TaskQueue.executeNext_ (C:\Users\Aravind\AppData\Roaming\npm\node_modules\protractor\node_modules\selenium-webdriver\lib\promise.js:3067:27)
                    at C:\Users\Aravind\AppData\Roaming\npm\node_modules\protractor\node_modules\selenium-webdriver\lib\promise.js:2974:25</stack-trace>
            </failure>
        </test-case>
    </test-cases>
</ns2:test-suite>